<?xml version="1.0" encoding="UTF-8"?>
<coverage generated="1576703716038" clover="3.2.0">
  <project timestamp="1576703716038" name="All files">
    <metrics statements="21" coveredstatements="20" conditionals="5" coveredconditionals="3" methods="9" coveredmethods="8" elements="35" coveredelements="31" complexity="0" loc="21" ncloc="21" packages="1" files="1" classes="1"/>
    <file name="queue-with-stacks.js" path="/Users/dev/Alchemy/careerTrack/code-challenges/data-structures-and-algorithms/challenges/PseudoQueue/queue-with-stacks.js">
      <metrics statements="21" coveredstatements="20" conditionals="5" coveredconditionals="3" methods="9" coveredmethods="8"/>
      <line num="3" count="32" type="stmt"/>
      <line num="4" count="32" type="stmt"/>
      <line num="9" count="6" type="stmt"/>
      <line num="12" count="32" type="stmt"/>
      <line num="13" count="32" type="stmt"/>
      <line num="16" count="24" type="cond" truecount="1" falsecount="1"/>
      <line num="17" count="24" type="stmt"/>
      <line num="18" count="24" type="stmt"/>
      <line num="19" count="24" type="stmt"/>
      <line num="22" count="36" type="cond" truecount="2" falsecount="0"/>
      <line num="23" count="20" type="stmt"/>
      <line num="26" count="0" type="stmt"/>
      <line num="32" count="3" type="stmt"/>
      <line num="33" count="3" type="stmt"/>
      <line num="36" count="12" type="stmt"/>
      <line num="37" count="4" type="stmt"/>
      <line num="39" count="12" type="stmt"/>
      <line num="42" count="4" type="stmt"/>
      <line num="43" count="16" type="stmt"/>
      <line num="45" count="4" type="stmt"/>
      <line num="48" count="1" type="stmt"/>
    </file>
  </project>
</coverage>
