{"/Users/dev/Alchemy/careerTrack/code-challenges/data-structures-and-algorithms/challenges/PseudoQueue/queue-with-stacks.js": {"path":"/Users/dev/Alchemy/careerTrack/code-challenges/data-structures-and-algorithms/challenges/PseudoQueue/queue-with-stacks.js","statementMap":{"0":{"start":{"line":3,"column":4},"end":{"line":3,"column":23}},"1":{"start":{"line":4,"column":4},"end":{"line":4,"column":21}},"2":{"start":{"line":9,"column":4},"end":{"line":9,"column":20}},"3":{"start":{"line":12,"column":17},"end":{"line":12,"column":42}},"4":{"start":{"line":13,"column":4},"end":{"line":13,"column":20}},"5":{"start":{"line":16,"column":4},"end":{"line":16,"column":30}},"6":{"start":{"line":16,"column":18},"end":{"line":16,"column":30}},"7":{"start":{"line":17,"column":16},"end":{"line":17,"column":24}},"8":{"start":{"line":18,"column":4},"end":{"line":18,"column":24}},"9":{"start":{"line":19,"column":4},"end":{"line":19,"column":21}},"10":{"start":{"line":22,"column":4},"end":{"line":22,"column":30}},"11":{"start":{"line":22,"column":18},"end":{"line":22,"column":30}},"12":{"start":{"line":23,"column":4},"end":{"line":23,"column":20}},"13":{"start":{"line":26,"column":4},"end":{"line":26,"column":21}},"14":{"start":{"line":32,"column":4},"end":{"line":32,"column":36}},"15":{"start":{"line":33,"column":4},"end":{"line":33,"column":36}},"16":{"start":{"line":36,"column":4},"end":{"line":38,"column":5}},"17":{"start":{"line":37,"column":6},"end":{"line":37,"column":54}},"18":{"start":{"line":39,"column":4},"end":{"line":39,"column":34}},"19":{"start":{"line":42,"column":4},"end":{"line":44,"column":5}},"20":{"start":{"line":43,"column":6},"end":{"line":43,"column":54}},"21":{"start":{"line":45,"column":4},"end":{"line":45,"column":35}},"22":{"start":{"line":48,"column":0},"end":{"line":48,"column":29}}},"fnMap":{"0":{"name":"(anonymous_0)","decl":{"start":{"line":2,"column":2},"end":{"line":2,"column":3}},"loc":{"start":{"line":2,"column":33},"end":{"line":5,"column":3}},"line":2},"1":{"name":"(anonymous_1)","decl":{"start":{"line":8,"column":2},"end":{"line":8,"column":3}},"loc":{"start":{"line":8,"column":15},"end":{"line":10,"column":3}},"line":8},"2":{"name":"(anonymous_2)","decl":{"start":{"line":11,"column":2},"end":{"line":11,"column":3}},"loc":{"start":{"line":11,"column":13},"end":{"line":14,"column":3}},"line":11},"3":{"name":"(anonymous_3)","decl":{"start":{"line":15,"column":2},"end":{"line":15,"column":3}},"loc":{"start":{"line":15,"column":7},"end":{"line":20,"column":3}},"line":15},"4":{"name":"(anonymous_4)","decl":{"start":{"line":21,"column":2},"end":{"line":21,"column":3}},"loc":{"start":{"line":21,"column":8},"end":{"line":24,"column":3}},"line":21},"5":{"name":"(anonymous_5)","decl":{"start":{"line":25,"column":2},"end":{"line":25,"column":3}},"loc":{"start":{"line":25,"column":11},"end":{"line":27,"column":3}},"line":25},"6":{"name":"(anonymous_6)","decl":{"start":{"line":31,"column":2},"end":{"line":31,"column":3}},"loc":{"start":{"line":31,"column":15},"end":{"line":34,"column":3}},"line":31},"7":{"name":"(anonymous_7)","decl":{"start":{"line":35,"column":2},"end":{"line":35,"column":3}},"loc":{"start":{"line":35,"column":16},"end":{"line":40,"column":3}},"line":35},"8":{"name":"(anonymous_8)","decl":{"start":{"line":41,"column":2},"end":{"line":41,"column":3}},"loc":{"start":{"line":41,"column":11},"end":{"line":46,"column":3}},"line":41}},"branchMap":{"0":{"loc":{"start":{"line":2,"column":21},"end":{"line":2,"column":32}},"type":"default-arg","locations":[{"start":{"line":2,"column":28},"end":{"line":2,"column":32}}],"line":2},"1":{"loc":{"start":{"line":16,"column":4},"end":{"line":16,"column":30}},"type":"if","locations":[{"start":{"line":16,"column":4},"end":{"line":16,"column":30}},{"start":{"line":16,"column":4},"end":{"line":16,"column":30}}],"line":16},"2":{"loc":{"start":{"line":22,"column":4},"end":{"line":22,"column":30}},"type":"if","locations":[{"start":{"line":22,"column":4},"end":{"line":22,"column":30}},{"start":{"line":22,"column":4},"end":{"line":22,"column":30}}],"line":22}},"s":{"0":32,"1":32,"2":6,"3":32,"4":32,"5":24,"6":0,"7":24,"8":24,"9":24,"10":36,"11":16,"12":20,"13":0,"14":3,"15":3,"16":12,"17":4,"18":12,"19":4,"20":16,"21":4,"22":1},"f":{"0":32,"1":6,"2":32,"3":24,"4":36,"5":0,"6":3,"7":12,"8":4},"b":{"0":[0],"1":[0,24],"2":[16,20]},"_coverageSchema":"43e27e138ebf9cfc5966b082cf9a028302ed4184","hash":"d8823df81e5c1c954b5d54fd66289bae0262e769"}
}
