TN:
SF:/Users/dev/Alchemy/careerTrack/code-challenges/data-structures-and-algorithms/challenges/PseudoQueue/queue-with-stacks.js
FN:2,(anonymous_0)
FN:8,(anonymous_1)
FN:11,(anonymous_2)
FN:15,(anonymous_3)
FN:21,(anonymous_4)
FN:25,(anonymous_5)
FN:31,(anonymous_6)
FN:35,(anonymous_7)
FN:41,(anonymous_8)
FNF:9
FNH:8
FNDA:32,(anonymous_0)
FNDA:6,(anonymous_1)
FNDA:32,(anonymous_2)
FNDA:24,(anonymous_3)
FNDA:36,(anonymous_4)
FNDA:0,(anonymous_5)
FNDA:3,(anonymous_6)
FNDA:12,(anonymous_7)
FNDA:4,(anonymous_8)
DA:3,32
DA:4,32
DA:9,6
DA:12,32
DA:13,32
DA:16,24
DA:17,24
DA:18,24
DA:19,24
DA:22,36
DA:23,20
DA:26,0
DA:32,3
DA:33,3
DA:36,12
DA:37,4
DA:39,12
DA:42,4
DA:43,16
DA:45,4
DA:48,1
LF:21
LH:20
BRDA:2,0,0,0
BRDA:16,1,0,0
BRDA:16,1,1,24
BRDA:22,2,0,16
BRDA:22,2,1,20
BRF:5
BRH:3
end_of_record
