{"/Users/dev/Alchemy/careerTrack/code-challenges/data-structures-and-algorithms/challenges/arrayReverse/array-reverse.js": {"path":"/Users/dev/Alchemy/careerTrack/code-challenges/data-structures-and-algorithms/challenges/arrayReverse/array-reverse.js","statementMap":{"0":{"start":{"line":1,"column":21},"end":{"line":7,"column":1}},"1":{"start":{"line":2,"column":17},"end":{"line":2,"column":19}},"2":{"start":{"line":3,"column":2},"end":{"line":5,"column":3}},"3":{"start":{"line":3,"column":14},"end":{"line":3,"column":15}},"4":{"start":{"line":4,"column":4},"end":{"line":4,"column":40}},"5":{"start":{"line":6,"column":2},"end":{"line":6,"column":16}},"6":{"start":{"line":9,"column":22},"end":{"line":13,"column":1}},"7":{"start":{"line":10,"column":17},"end":{"line":10,"column":19}},"8":{"start":{"line":11,"column":2},"end":{"line":11,"column":83}},"9":{"start":{"line":11,"column":38},"end":{"line":11,"column":81}},"10":{"start":{"line":12,"column":2},"end":{"line":12,"column":16}},"11":{"start":{"line":15,"column":22},"end":{"line":19,"column":1}},"12":{"start":{"line":16,"column":17},"end":{"line":16,"column":19}},"13":{"start":{"line":17,"column":2},"end":{"line":17,"column":50}},"14":{"start":{"line":17,"column":26},"end":{"line":17,"column":48}},"15":{"start":{"line":18,"column":2},"end":{"line":18,"column":16}},"16":{"start":{"line":20,"column":0},"end":{"line":20,"column":64}}},"fnMap":{"0":{"name":"(anonymous_0)","decl":{"start":{"line":1,"column":21},"end":{"line":1,"column":22}},"loc":{"start":{"line":1,"column":28},"end":{"line":7,"column":1}},"line":1},"1":{"name":"(anonymous_1)","decl":{"start":{"line":9,"column":22},"end":{"line":9,"column":23}},"loc":{"start":{"line":9,"column":29},"end":{"line":13,"column":1}},"line":9},"2":{"name":"(anonymous_2)","decl":{"start":{"line":11,"column":14},"end":{"line":11,"column":15}},"loc":{"start":{"line":11,"column":38},"end":{"line":11,"column":81}},"line":11},"3":{"name":"(anonymous_3)","decl":{"start":{"line":15,"column":22},"end":{"line":15,"column":23}},"loc":{"start":{"line":15,"column":29},"end":{"line":19,"column":1}},"line":15},"4":{"name":"(anonymous_4)","decl":{"start":{"line":17,"column":14},"end":{"line":17,"column":15}},"loc":{"start":{"line":17,"column":26},"end":{"line":17,"column":48}},"line":17}},"branchMap":{},"s":{"0":1,"1":4,"2":4,"3":4,"4":15,"5":4,"6":1,"7":4,"8":4,"9":14,"10":4,"11":1,"12":4,"13":4,"14":14,"15":4,"16":1},"f":{"0":4,"1":4,"2":14,"3":4,"4":14},"b":{},"_coverageSchema":"43e27e138ebf9cfc5966b082cf9a028302ed4184","hash":"5296e51bf0f33ef16113665687072e4bbc24d40b"}
}
