{"/Users/dev/Alchemy/careerTrack/code-challenges/data-structures-and-algorithms/challenges/PseudoQueue/queue-with-stacks.js": {"path":"/Users/dev/Alchemy/careerTrack/code-challenges/data-structures-and-algorithms/challenges/PseudoQueue/queue-with-stacks.js","statementMap":{"0":{"start":{"line":3,"column":4},"end":{"line":3,"column":23}},"1":{"start":{"line":4,"column":4},"end":{"line":4,"column":21}},"2":{"start":{"line":9,"column":4},"end":{"line":9,"column":20}},"3":{"start":{"line":12,"column":17},"end":{"line":12,"column":42}},"4":{"start":{"line":13,"column":4},"end":{"line":13,"column":20}},"5":{"start":{"line":16,"column":4},"end":{"line":16,"column":30}},"6":{"start":{"line":16,"column":18},"end":{"line":16,"column":30}},"7":{"start":{"line":17,"column":16},"end":{"line":17,"column":24}},"8":{"start":{"line":18,"column":4},"end":{"line":18,"column":24}},"9":{"start":{"line":19,"column":4},"end":{"line":19,"column":21}},"10":{"start":{"line":22,"column":4},"end":{"line":22,"column":30}},"11":{"start":{"line":22,"column":18},"end":{"line":22,"column":30}},"12":{"start":{"line":23,"column":4},"end":{"line":23,"column":20}},"13":{"start":{"line":26,"column":4},"end":{"line":26,"column":21}},"14":{"start":{"line":32,"column":4},"end":{"line":32,"column":36}},"15":{"start":{"line":33,"column":4},"end":{"line":33,"column":36}},"16":{"start":{"line":36,"column":4},"end":{"line":38,"column":5}},"17":{"start":{"line":37,"column":6},"end":{"line":37,"column":54}},"18":{"start":{"line":39,"column":4},"end":{"line":39,"column":34}},"19":{"start":{"line":42,"column":4},"end":{"line":44,"column":5}},"20":{"start":{"line":43,"column":6},"end":{"line":43,"column":54}},"21":{"start":{"line":45,"column":4},"end":{"line":45,"column":35}},"22":{"start":{"line":48,"column":0},"end":{"line":48,"column":29}}},"fnMap":{"0":{"name":"(anonymous_0)","decl":{"start":{"line":2,"column":2},"end":{"line":2,"column":3}},"loc":{"start":{"line":2,"column":33},"end":{"line":5,"column":3}},"line":2},"1":{"name":"(anonymous_1)","decl":{"start":{"line":8,"column":2},"end":{"line":8,"column":3}},"loc":{"start":{"line":8,"column":15},"end":{"line":10,"column":3}},"line":8},"2":{"name":"(anonymous_2)","decl":{"start":{"line":11,"column":2},"end":{"line":11,"column":3}},"loc":{"start":{"line":11,"column":13},"end":{"line":14,"column":3}},"line":11},"3":{"name":"(anonymous_3)","decl":{"start":{"line":15,"column":2},"end":{"line":15,"column":3}},"loc":{"start":{"line":15,"column":7},"end":{"line":20,"column":3}},"line":15},"4":{"name":"(anonymous_4)","decl":{"start":{"line":21,"column":2},"end":{"line":21,"column":3}},"loc":{"start":{"line":21,"column":8},"end":{"line":24,"column":3}},"line":21},"5":{"name":"(anonymous_5)","decl":{"start":{"line":25,"column":2},"end":{"line":25,"column":3}},"loc":{"start":{"line":25,"column":11},"end":{"line":27,"column":3}},"line":25},"6":{"name":"(anonymous_6)","decl":{"start":{"line":31,"column":2},"end":{"line":31,"column":3}},"loc":{"start":{"line":31,"column":15},"end":{"line":34,"column":3}},"line":31},"7":{"name":"(anonymous_7)","decl":{"start":{"line":35,"column":2},"end":{"line":35,"column":3}},"loc":{"start":{"line":35,"column":16},"end":{"line":40,"column":3}},"line":35},"8":{"name":"(anonymous_8)","decl":{"start":{"line":41,"column":2},"end":{"line":41,"column":3}},"loc":{"start":{"line":41,"column":11},"end":{"line":46,"column":3}},"line":41}},"branchMap":{"0":{"loc":{"start":{"line":2,"column":21},"end":{"line":2,"column":32}},"type":"default-arg","locations":[{"start":{"line":2,"column":28},"end":{"line":2,"column":32}}],"line":2},"1":{"loc":{"start":{"line":16,"column":4},"end":{"line":16,"column":30}},"type":"if","locations":[{"start":{"line":16,"column":4},"end":{"line":16,"column":30}},{"start":{"line":16,"column":4},"end":{"line":16,"column":30}}],"line":16},"2":{"loc":{"start":{"line":22,"column":4},"end":{"line":22,"column":30}},"type":"if","locations":[{"start":{"line":22,"column":4},"end":{"line":22,"column":30}},{"start":{"line":22,"column":4},"end":{"line":22,"column":30}}],"line":22}},"s":{"0":32,"1":32,"2":6,"3":32,"4":32,"5":24,"6":0,"7":24,"8":24,"9":24,"10":36,"11":16,"12":20,"13":0,"14":3,"15":3,"16":12,"17":4,"18":12,"19":4,"20":16,"21":4,"22":1},"f":{"0":32,"1":6,"2":32,"3":24,"4":36,"5":0,"6":3,"7":12,"8":4},"b":{"0":[0],"1":[0,24],"2":[16,20]},"_coverageSchema":"43e27e138ebf9cfc5966b082cf9a028302ed4184","hash":"d8823df81e5c1c954b5d54fd66289bae0262e769"}
,"/Users/dev/Alchemy/careerTrack/code-challenges/data-structures-and-algorithms/challenges/array-shift/array-shift.js": {"path":"/Users/dev/Alchemy/careerTrack/code-challenges/data-structures-and-algorithms/challenges/array-shift/array-shift.js","statementMap":{"0":{"start":{"line":1,"column":25},"end":{"line":12,"column":1}},"1":{"start":{"line":2,"column":17},"end":{"line":2,"column":19}},"2":{"start":{"line":3,"column":19},"end":{"line":3,"column":45}},"3":{"start":{"line":4,"column":11},"end":{"line":4,"column":12}},"4":{"start":{"line":5,"column":2},"end":{"line":10,"column":5}},"5":{"start":{"line":6,"column":4},"end":{"line":8,"column":5}},"6":{"start":{"line":7,"column":6},"end":{"line":7,"column":24}},"7":{"start":{"line":9,"column":4},"end":{"line":9,"column":21}},"8":{"start":{"line":11,"column":2},"end":{"line":11,"column":16}},"9":{"start":{"line":14,"column":25},"end":{"line":26,"column":1}},"10":{"start":{"line":15,"column":17},"end":{"line":15,"column":19}},"11":{"start":{"line":16,"column":19},"end":{"line":16,"column":45}},"12":{"start":{"line":17,"column":10},"end":{"line":17,"column":11}},"13":{"start":{"line":18,"column":10},"end":{"line":18,"column":11}},"14":{"start":{"line":19,"column":2},"end":{"line":24,"column":5}},"15":{"start":{"line":20,"column":4},"end":{"line":20,"column":21}},"16":{"start":{"line":21,"column":4},"end":{"line":23,"column":5}},"17":{"start":{"line":22,"column":6},"end":{"line":22,"column":10}},"18":{"start":{"line":25,"column":2},"end":{"line":25,"column":16}},"19":{"start":{"line":27,"column":0},"end":{"line":27,"column":56}}},"fnMap":{"0":{"name":"(anonymous_0)","decl":{"start":{"line":1,"column":25},"end":{"line":1,"column":26}},"loc":{"start":{"line":1,"column":39},"end":{"line":12,"column":1}},"line":1},"1":{"name":"(anonymous_1)","decl":{"start":{"line":5,"column":14},"end":{"line":5,"column":15}},"loc":{"start":{"line":5,"column":20},"end":{"line":10,"column":3}},"line":5},"2":{"name":"(anonymous_2)","decl":{"start":{"line":14,"column":25},"end":{"line":14,"column":26}},"loc":{"start":{"line":14,"column":34},"end":{"line":26,"column":1}},"line":14},"3":{"name":"(anonymous_3)","decl":{"start":{"line":19,"column":14},"end":{"line":19,"column":15}},"loc":{"start":{"line":19,"column":20},"end":{"line":24,"column":3}},"line":19}},"branchMap":{"0":{"loc":{"start":{"line":6,"column":4},"end":{"line":8,"column":5}},"type":"if","locations":[{"start":{"line":6,"column":4},"end":{"line":8,"column":5}},{"start":{"line":6,"column":4},"end":{"line":8,"column":5}}],"line":6},"1":{"loc":{"start":{"line":21,"column":4},"end":{"line":23,"column":5}},"type":"if","locations":[{"start":{"line":21,"column":4},"end":{"line":23,"column":5}},{"start":{"line":21,"column":4},"end":{"line":23,"column":5}}],"line":21}},"s":{"0":1,"1":2,"2":2,"3":2,"4":2,"5":8,"6":2,"7":8,"8":2,"9":1,"10":2,"11":2,"12":2,"13":2,"14":2,"15":11,"16":11,"17":2,"18":2,"19":1},"f":{"0":2,"1":8,"2":2,"3":11},"b":{"0":[2,6],"1":[2,9]},"_coverageSchema":"43e27e138ebf9cfc5966b082cf9a028302ed4184","hash":"9ce684393def5dd74e4deb69d4ed126d77a9958f"}
,"/Users/dev/Alchemy/careerTrack/code-challenges/data-structures-and-algorithms/challenges/arrayBinarySearch/array-binary-search.js": {"path":"/Users/dev/Alchemy/careerTrack/code-challenges/data-structures-and-algorithms/challenges/arrayBinarySearch/array-binary-search.js","statementMap":{"0":{"start":{"line":1,"column":21},"end":{"line":18,"column":1}},"1":{"start":{"line":2,"column":2},"end":{"line":4,"column":3}},"2":{"start":{"line":3,"column":4},"end":{"line":3,"column":14}},"3":{"start":{"line":5,"column":19},"end":{"line":5,"column":45}},"4":{"start":{"line":6,"column":24},"end":{"line":6,"column":37}},"5":{"start":{"line":7,"column":2},"end":{"line":17,"column":3}},"6":{"start":{"line":8,"column":4},"end":{"line":8,"column":28}},"7":{"start":{"line":10,"column":7},"end":{"line":17,"column":3}},"8":{"start":{"line":12,"column":4},"end":{"line":12,"column":77}},"9":{"start":{"line":16,"column":4},"end":{"line":16,"column":60}},"10":{"start":{"line":19,"column":0},"end":{"line":19,"column":34}}},"fnMap":{"0":{"name":"(anonymous_0)","decl":{"start":{"line":1,"column":21},"end":{"line":1,"column":22}},"loc":{"start":{"line":1,"column":42},"end":{"line":18,"column":1}},"line":1}},"branchMap":{"0":{"loc":{"start":{"line":2,"column":2},"end":{"line":4,"column":3}},"type":"if","locations":[{"start":{"line":2,"column":2},"end":{"line":4,"column":3}},{"start":{"line":2,"column":2},"end":{"line":4,"column":3}}],"line":2},"1":{"loc":{"start":{"line":7,"column":2},"end":{"line":17,"column":3}},"type":"if","locations":[{"start":{"line":7,"column":2},"end":{"line":17,"column":3}},{"start":{"line":7,"column":2},"end":{"line":17,"column":3}}],"line":7},"2":{"loc":{"start":{"line":10,"column":7},"end":{"line":17,"column":3}},"type":"if","locations":[{"start":{"line":10,"column":7},"end":{"line":17,"column":3}},{"start":{"line":10,"column":7},"end":{"line":17,"column":3}}],"line":10}},"s":{"0":1,"1":14,"2":1,"3":13,"4":13,"5":13,"6":4,"7":9,"8":6,"9":3,"10":1},"f":{"0":14},"b":{"0":[1,13],"1":[4,9],"2":[6,3]},"_coverageSchema":"43e27e138ebf9cfc5966b082cf9a028302ed4184","hash":"17fbdf3ffc9701ba9d8712c14786bc572cc0b70a"}
,"/Users/dev/Alchemy/careerTrack/code-challenges/data-structures-and-algorithms/challenges/arrayReverse/array-reverse.js": {"path":"/Users/dev/Alchemy/careerTrack/code-challenges/data-structures-and-algorithms/challenges/arrayReverse/array-reverse.js","statementMap":{"0":{"start":{"line":1,"column":21},"end":{"line":7,"column":1}},"1":{"start":{"line":2,"column":17},"end":{"line":2,"column":19}},"2":{"start":{"line":3,"column":2},"end":{"line":5,"column":3}},"3":{"start":{"line":3,"column":14},"end":{"line":3,"column":15}},"4":{"start":{"line":4,"column":4},"end":{"line":4,"column":40}},"5":{"start":{"line":6,"column":2},"end":{"line":6,"column":16}},"6":{"start":{"line":9,"column":22},"end":{"line":13,"column":1}},"7":{"start":{"line":10,"column":17},"end":{"line":10,"column":19}},"8":{"start":{"line":11,"column":2},"end":{"line":11,"column":83}},"9":{"start":{"line":11,"column":38},"end":{"line":11,"column":81}},"10":{"start":{"line":12,"column":2},"end":{"line":12,"column":16}},"11":{"start":{"line":15,"column":22},"end":{"line":19,"column":1}},"12":{"start":{"line":16,"column":17},"end":{"line":16,"column":19}},"13":{"start":{"line":17,"column":2},"end":{"line":17,"column":50}},"14":{"start":{"line":17,"column":26},"end":{"line":17,"column":48}},"15":{"start":{"line":18,"column":2},"end":{"line":18,"column":16}},"16":{"start":{"line":20,"column":0},"end":{"line":20,"column":64}}},"fnMap":{"0":{"name":"(anonymous_0)","decl":{"start":{"line":1,"column":21},"end":{"line":1,"column":22}},"loc":{"start":{"line":1,"column":28},"end":{"line":7,"column":1}},"line":1},"1":{"name":"(anonymous_1)","decl":{"start":{"line":9,"column":22},"end":{"line":9,"column":23}},"loc":{"start":{"line":9,"column":29},"end":{"line":13,"column":1}},"line":9},"2":{"name":"(anonymous_2)","decl":{"start":{"line":11,"column":14},"end":{"line":11,"column":15}},"loc":{"start":{"line":11,"column":38},"end":{"line":11,"column":81}},"line":11},"3":{"name":"(anonymous_3)","decl":{"start":{"line":15,"column":22},"end":{"line":15,"column":23}},"loc":{"start":{"line":15,"column":29},"end":{"line":19,"column":1}},"line":15},"4":{"name":"(anonymous_4)","decl":{"start":{"line":17,"column":14},"end":{"line":17,"column":15}},"loc":{"start":{"line":17,"column":26},"end":{"line":17,"column":48}},"line":17}},"branchMap":{},"s":{"0":1,"1":4,"2":4,"3":4,"4":15,"5":4,"6":1,"7":4,"8":4,"9":14,"10":4,"11":1,"12":4,"13":4,"14":14,"15":4,"16":1},"f":{"0":4,"1":4,"2":14,"3":4,"4":14},"b":{},"_coverageSchema":"43e27e138ebf9cfc5966b082cf9a028302ed4184","hash":"5296e51bf0f33ef16113665687072e4bbc24d40b"}
,"/Users/dev/Alchemy/careerTrack/code-challenges/data-structures-and-algorithms/challenges/llinsertions/LinkedList.js": {"path":"/Users/dev/Alchemy/careerTrack/code-challenges/data-structures-and-algorithms/challenges/llinsertions/LinkedList.js","statementMap":{"0":{"start":{"line":1,"column":13},"end":{"line":1,"column":30}},"1":{"start":{"line":4,"column":4},"end":{"line":4,"column":21}},"2":{"start":{"line":5,"column":4},"end":{"line":5,"column":18}},"3":{"start":{"line":9,"column":15},"end":{"line":9,"column":24}},"4":{"start":{"line":10,"column":4},"end":{"line":15,"column":5}},"5":{"start":{"line":11,"column":6},"end":{"line":13,"column":7}},"6":{"start":{"line":12,"column":8},"end":{"line":12,"column":20}},"7":{"start":{"line":14,"column":6},"end":{"line":14,"column":23}},"8":{"start":{"line":16,"column":4},"end":{"line":16,"column":17}},"9":{"start":{"line":19,"column":17},"end":{"line":19,"column":30}},"10":{"start":{"line":20,"column":4},"end":{"line":20,"column":26}},"11":{"start":{"line":21,"column":4},"end":{"line":21,"column":21}},"12":{"start":{"line":22,"column":4},"end":{"line":22,"column":16}},"13":{"start":{"line":23,"column":4},"end":{"line":23,"column":21}},"14":{"start":{"line":26,"column":15},"end":{"line":26,"column":24}},"15":{"start":{"line":27,"column":4},"end":{"line":37,"column":5}},"16":{"start":{"line":28,"column":6},"end":{"line":35,"column":7}},"17":{"start":{"line":30,"column":21},"end":{"line":30,"column":37}},"18":{"start":{"line":31,"column":8},"end":{"line":31,"column":30}},"19":{"start":{"line":32,"column":8},"end":{"line":32,"column":25}},"20":{"start":{"line":33,"column":8},"end":{"line":33,"column":20}},"21":{"start":{"line":34,"column":8},"end":{"line":34,"column":25}},"22":{"start":{"line":36,"column":6},"end":{"line":36,"column":23}},"23":{"start":{"line":40,"column":15},"end":{"line":40,"column":24}},"24":{"start":{"line":41,"column":4},"end":{"line":50,"column":5}},"25":{"start":{"line":42,"column":6},"end":{"line":48,"column":7}},"26":{"start":{"line":43,"column":21},"end":{"line":43,"column":37}},"27":{"start":{"line":44,"column":8},"end":{"line":44,"column":30}},"28":{"start":{"line":45,"column":8},"end":{"line":45,"column":25}},"29":{"start":{"line":46,"column":8},"end":{"line":46,"column":20}},"30":{"start":{"line":47,"column":8},"end":{"line":47,"column":25}},"31":{"start":{"line":49,"column":6},"end":{"line":49,"column":23}},"32":{"start":{"line":53,"column":4},"end":{"line":72,"column":5}},"33":{"start":{"line":54,"column":6},"end":{"line":54,"column":32}},"34":{"start":{"line":55,"column":6},"end":{"line":55,"column":18}},"35":{"start":{"line":57,"column":17},"end":{"line":57,"column":26}},"36":{"start":{"line":58,"column":6},"end":{"line":63,"column":7}},"37":{"start":{"line":60,"column":8},"end":{"line":62,"column":9}},"38":{"start":{"line":61,"column":10},"end":{"line":61,"column":27}},"39":{"start":{"line":64,"column":19},"end":{"line":64,"column":32}},"40":{"start":{"line":65,"column":6},"end":{"line":65,"column":23}},"41":{"start":{"line":66,"column":6},"end":{"line":70,"column":7}},"42":{"start":{"line":67,"column":8},"end":{"line":67,"column":20}},"43":{"start":{"line":69,"column":8},"end":{"line":69,"column":25}},"44":{"start":{"line":71,"column":6},"end":{"line":71,"column":18}},"45":{"start":{"line":73,"column":4},"end":{"line":73,"column":21}},"46":{"start":{"line":80,"column":15},"end":{"line":80,"column":24}},"47":{"start":{"line":81,"column":14},"end":{"line":81,"column":16}},"48":{"start":{"line":82,"column":4},"end":{"line":85,"column":5}},"49":{"start":{"line":83,"column":6},"end":{"line":83,"column":29}},"50":{"start":{"line":84,"column":6},"end":{"line":84,"column":24}},"51":{"start":{"line":86,"column":4},"end":{"line":86,"column":18}},"52":{"start":{"line":87,"column":4},"end":{"line":87,"column":15}},"53":{"start":{"line":90,"column":0},"end":{"line":90,"column":28}}},"fnMap":{"0":{"name":"(anonymous_0)","decl":{"start":{"line":3,"column":2},"end":{"line":3,"column":3}},"loc":{"start":{"line":3,"column":15},"end":{"line":6,"column":3}},"line":3},"1":{"name":"(anonymous_1)","decl":{"start":{"line":8,"column":2},"end":{"line":8,"column":3}},"loc":{"start":{"line":8,"column":15},"end":{"line":17,"column":3}},"line":8},"2":{"name":"(anonymous_2)","decl":{"start":{"line":18,"column":2},"end":{"line":18,"column":3}},"loc":{"start":{"line":18,"column":13},"end":{"line":24,"column":3}},"line":18},"3":{"name":"(anonymous_3)","decl":{"start":{"line":25,"column":2},"end":{"line":25,"column":3}},"loc":{"start":{"line":25,"column":27},"end":{"line":38,"column":3}},"line":25},"4":{"name":"(anonymous_4)","decl":{"start":{"line":39,"column":2},"end":{"line":39,"column":3}},"loc":{"start":{"line":39,"column":26},"end":{"line":51,"column":3}},"line":39},"5":{"name":"(anonymous_5)","decl":{"start":{"line":52,"column":2},"end":{"line":52,"column":3}},"loc":{"start":{"line":52,"column":13},"end":{"line":74,"column":3}},"line":52},"6":{"name":"(anonymous_6)","decl":{"start":{"line":79,"column":2},"end":{"line":79,"column":3}},"loc":{"start":{"line":79,"column":12},"end":{"line":88,"column":3}},"line":79}},"branchMap":{"0":{"loc":{"start":{"line":11,"column":6},"end":{"line":13,"column":7}},"type":"if","locations":[{"start":{"line":11,"column":6},"end":{"line":13,"column":7}},{"start":{"line":11,"column":6},"end":{"line":13,"column":7}}],"line":11},"1":{"loc":{"start":{"line":28,"column":6},"end":{"line":35,"column":7}},"type":"if","locations":[{"start":{"line":28,"column":6},"end":{"line":35,"column":7}},{"start":{"line":28,"column":6},"end":{"line":35,"column":7}}],"line":28},"2":{"loc":{"start":{"line":42,"column":6},"end":{"line":48,"column":7}},"type":"if","locations":[{"start":{"line":42,"column":6},"end":{"line":48,"column":7}},{"start":{"line":42,"column":6},"end":{"line":48,"column":7}}],"line":42},"3":{"loc":{"start":{"line":53,"column":4},"end":{"line":72,"column":5}},"type":"if","locations":[{"start":{"line":53,"column":4},"end":{"line":72,"column":5}},{"start":{"line":53,"column":4},"end":{"line":72,"column":5}}],"line":53},"4":{"loc":{"start":{"line":58,"column":6},"end":{"line":63,"column":7}},"type":"if","locations":[{"start":{"line":58,"column":6},"end":{"line":63,"column":7}},{"start":{"line":58,"column":6},"end":{"line":63,"column":7}}],"line":58},"5":{"loc":{"start":{"line":66,"column":6},"end":{"line":70,"column":7}},"type":"if","locations":[{"start":{"line":66,"column":6},"end":{"line":70,"column":7}},{"start":{"line":66,"column":6},"end":{"line":70,"column":7}}],"line":66}},"s":{"0":1,"1":1,"2":1,"3":0,"4":0,"5":0,"6":0,"7":0,"8":0,"9":0,"10":0,"11":0,"12":0,"13":0,"14":0,"15":0,"16":0,"17":0,"18":0,"19":0,"20":0,"21":0,"22":0,"23":0,"24":0,"25":0,"26":0,"27":0,"28":0,"29":0,"30":0,"31":0,"32":5,"33":1,"34":1,"35":4,"36":4,"37":4,"38":6,"39":4,"40":4,"41":4,"42":0,"43":4,"44":4,"45":5,"46":0,"47":0,"48":0,"49":0,"50":0,"51":0,"52":0,"53":1},"f":{"0":1,"1":0,"2":0,"3":0,"4":0,"5":5,"6":0},"b":{"0":[0,0],"1":[0,0],"2":[0,0],"3":[1,4],"4":[4,0],"5":[0,4]},"_coverageSchema":"43e27e138ebf9cfc5966b082cf9a028302ed4184","hash":"da30020af74544d5f861a116922b78695979990f"}
,"/Users/dev/Alchemy/careerTrack/code-challenges/data-structures-and-algorithms/challenges/llinsertions/Node.js": {"path":"/Users/dev/Alchemy/careerTrack/code-challenges/data-structures-and-algorithms/challenges/llinsertions/Node.js","statementMap":{"0":{"start":{"line":3,"column":4},"end":{"line":3,"column":19}},"1":{"start":{"line":4,"column":4},"end":{"line":4,"column":21}},"2":{"start":{"line":7,"column":0},"end":{"line":7,"column":22}}},"fnMap":{"0":{"name":"(anonymous_0)","decl":{"start":{"line":2,"column":2},"end":{"line":2,"column":3}},"loc":{"start":{"line":2,"column":18},"end":{"line":5,"column":3}},"line":2}},"branchMap":{},"s":{"0":5,"1":5,"2":1},"f":{"0":5},"b":{},"_coverageSchema":"43e27e138ebf9cfc5966b082cf9a028302ed4184","hash":"0013cfbff38a2c1c62e76706eeca9998f2a61a95"}
}
