TN:
SF:/Users/dev/Alchemy/careerTrack/code-challenges/data-structures-and-algorithms/challenges/PseudoQueue/queue-with-stacks.js
FN:2,(anonymous_0)
FN:8,(anonymous_1)
FN:11,(anonymous_2)
FN:15,(anonymous_3)
FN:21,(anonymous_4)
FN:25,(anonymous_5)
FN:31,(anonymous_6)
FN:35,(anonymous_7)
FN:41,(anonymous_8)
FNF:9
FNH:8
FNDA:32,(anonymous_0)
FNDA:6,(anonymous_1)
FNDA:32,(anonymous_2)
FNDA:24,(anonymous_3)
FNDA:36,(anonymous_4)
FNDA:0,(anonymous_5)
FNDA:3,(anonymous_6)
FNDA:12,(anonymous_7)
FNDA:4,(anonymous_8)
DA:3,32
DA:4,32
DA:9,6
DA:12,32
DA:13,32
DA:16,24
DA:17,24
DA:18,24
DA:19,24
DA:22,36
DA:23,20
DA:26,0
DA:32,3
DA:33,3
DA:36,12
DA:37,4
DA:39,12
DA:42,4
DA:43,16
DA:45,4
DA:48,1
LF:21
LH:20
BRDA:2,0,0,0
BRDA:16,1,0,0
BRDA:16,1,1,24
BRDA:22,2,0,16
BRDA:22,2,1,20
BRF:5
BRH:3
end_of_record
TN:
SF:/Users/dev/Alchemy/careerTrack/code-challenges/data-structures-and-algorithms/challenges/array-shift/array-shift.js
FN:1,(anonymous_0)
FN:5,(anonymous_1)
FN:14,(anonymous_2)
FN:19,(anonymous_3)
FNF:4
FNH:4
FNDA:2,(anonymous_0)
FNDA:8,(anonymous_1)
FNDA:2,(anonymous_2)
FNDA:11,(anonymous_3)
DA:1,1
DA:2,2
DA:3,2
DA:4,2
DA:5,2
DA:6,8
DA:7,2
DA:9,8
DA:11,2
DA:14,1
DA:15,2
DA:16,2
DA:17,2
DA:18,2
DA:19,2
DA:20,11
DA:21,11
DA:22,2
DA:25,2
DA:27,1
LF:20
LH:20
BRDA:6,0,0,2
BRDA:6,0,1,6
BRDA:21,1,0,2
BRDA:21,1,1,9
BRF:4
BRH:4
end_of_record
TN:
SF:/Users/dev/Alchemy/careerTrack/code-challenges/data-structures-and-algorithms/challenges/arrayBinarySearch/array-binary-search.js
FN:1,(anonymous_0)
FNF:1
FNH:1
FNDA:14,(anonymous_0)
DA:1,1
DA:2,14
DA:3,1
DA:5,13
DA:6,13
DA:7,13
DA:8,4
DA:10,9
DA:12,6
DA:16,3
DA:19,1
LF:11
LH:11
BRDA:2,0,0,1
BRDA:2,0,1,13
BRDA:7,1,0,4
BRDA:7,1,1,9
BRDA:10,2,0,6
BRDA:10,2,1,3
BRF:6
BRH:6
end_of_record
TN:
SF:/Users/dev/Alchemy/careerTrack/code-challenges/data-structures-and-algorithms/challenges/arrayReverse/array-reverse.js
FN:1,(anonymous_0)
FN:9,(anonymous_1)
FN:11,(anonymous_2)
FN:15,(anonymous_3)
FN:17,(anonymous_4)
FNF:5
FNH:5
FNDA:4,(anonymous_0)
FNDA:4,(anonymous_1)
FNDA:14,(anonymous_2)
FNDA:4,(anonymous_3)
FNDA:14,(anonymous_4)
DA:1,1
DA:2,4
DA:3,4
DA:4,15
DA:6,4
DA:9,1
DA:10,4
DA:11,14
DA:12,4
DA:15,1
DA:16,4
DA:17,14
DA:18,4
DA:20,1
LF:14
LH:14
BRF:0
BRH:0
end_of_record
TN:
SF:/Users/dev/Alchemy/careerTrack/code-challenges/data-structures-and-algorithms/challenges/llinsertions/LinkedList.js
FN:3,(anonymous_0)
FN:8,(anonymous_1)
FN:18,(anonymous_2)
FN:25,(anonymous_3)
FN:39,(anonymous_4)
FN:52,(anonymous_5)
FN:79,(anonymous_6)
FNF:7
FNH:2
FNDA:1,(anonymous_0)
FNDA:0,(anonymous_1)
FNDA:0,(anonymous_2)
FNDA:0,(anonymous_3)
FNDA:0,(anonymous_4)
FNDA:5,(anonymous_5)
FNDA:0,(anonymous_6)
DA:1,1
DA:4,1
DA:5,1
DA:9,0
DA:10,0
DA:11,0
DA:12,0
DA:14,0
DA:16,0
DA:19,0
DA:20,0
DA:21,0
DA:22,0
DA:23,0
DA:26,0
DA:27,0
DA:28,0
DA:30,0
DA:31,0
DA:32,0
DA:33,0
DA:34,0
DA:36,0
DA:40,0
DA:41,0
DA:42,0
DA:43,0
DA:44,0
DA:45,0
DA:46,0
DA:47,0
DA:49,0
DA:53,5
DA:54,1
DA:55,1
DA:57,4
DA:58,4
DA:60,4
DA:61,6
DA:64,4
DA:65,4
DA:66,4
DA:67,0
DA:69,4
DA:71,4
DA:73,5
DA:80,0
DA:81,0
DA:82,0
DA:83,0
DA:85,0
DA:86,0
DA:89,1
LF:53
LH:17
BRDA:11,0,0,0
BRDA:11,0,1,0
BRDA:28,1,0,0
BRDA:28,1,1,0
BRDA:42,2,0,0
BRDA:42,2,1,0
BRDA:53,3,0,1
BRDA:53,3,1,4
BRDA:58,4,0,4
BRDA:58,4,1,0
BRDA:66,5,0,0
BRDA:66,5,1,4
BRF:12
BRH:4
end_of_record
TN:
SF:/Users/dev/Alchemy/careerTrack/code-challenges/data-structures-and-algorithms/challenges/llinsertions/Node.js
FN:2,(anonymous_0)
FNF:1
FNH:1
FNDA:5,(anonymous_0)
DA:3,5
DA:4,5
DA:7,1
LF:3
LH:3
BRF:0
BRH:0
end_of_record
